\BOOKMARK [1][-]{section.1}{\376\377\165\037\124\175\116\026\165\114}{}% 1
\BOOKMARK [2][-]{subsection.1.1}{\376\377\171\321\133\170\145\271\154\325}{section.1}% 2
\BOOKMARK [2][-]{subsection.1.2}{\376\377\230\157\137\256\223\341}{section.1}% 3
\BOOKMARK [2][-]{subsection.1.3}{\376\377\122\325\151\015\162\151\175\060\200\336\166\204\153\324\217\003}{section.1}% 4
\BOOKMARK [2][-]{subsection.1.4}{\376\377\162\151\214\352\131\202\117\125\116\244\143\333}{section.1}% 5
\BOOKMARK [2][-]{subsection.1.5}{\376\377\165\037\162\151\232\324\166\204\175\104\142\020\134\144\153\041}{section.1}% 6
\BOOKMARK [1][-]{section.2}{\376\377\231\012\122\006}{}% 7
\BOOKMARK [2][-]{subsection.2.1}{\376\377\231\012\122\006}{section.2}% 8
\BOOKMARK [2][-]{subsection.2.2}{\376\377\221\165\175\040}{section.2}% 9
\BOOKMARK [2][-]{subsection.2.3}{\376\377\121\111\124\010\117\134\165\050}{section.2}% 10
\BOOKMARK [2][-]{subsection.2.4}{\376\377\155\210\123\026\174\373\175\161}{section.2}% 11
\BOOKMARK [1][-]{section.3}{\376\377\220\113\217\070}{}% 12
\BOOKMARK [2][-]{subsection.3.1}{\376\377\151\015\162\151\166\204\220\113\217\070}{section.3}% 13
\BOOKMARK [2][-]{subsection.3.2}{\376\377\137\252\164\260\174\373\175\161}{section.3}% 14
\BOOKMARK [1][-]{section.4}{\376\377\123\124\212\277}{}% 15
\BOOKMARK [2][-]{subsection.4.1}{\376\377\171\136\175\223\174\373\175\161}{section.4}% 16
\BOOKMARK [2][-]{subsection.4.2}{\376\377\121\147\122\006\154\314\174\373\175\161}{section.4}% 17
\BOOKMARK [2][-]{subsection.4.3}{\376\377\151\015\162\151\141\037\141\311}{section.4}% 18
\BOOKMARK [1][-]{section.5}{\376\377\140\106\133\232}{}% 19
\BOOKMARK [2][-]{subsection.5.1}{\376\377\232\324\156\253\140\106\133\232}{section.5}% 20
\BOOKMARK [2][-]{subsection.5.2}{\376\377\154\043\232\324\140\106\133\232}{section.5}% 21
\BOOKMARK [2][-]{subsection.5.3}{\376\377\154\064\122\006\140\106\133\232}{section.5}% 22
\BOOKMARK [1][-]{section.6}{\376\377\165\037\153\226}{}% 23
\BOOKMARK [2][-]{subsection.6.1}{\376\377\175\060\200\336\122\006\210\302\202\007\156\033\145\170\122\006\210\302}{section.6}% 24
\BOOKMARK [2][-]{subsection.6.2}{\376\377\161\041\140\047\165\037\153\226}{section.6}% 25
\BOOKMARK [2][-]{subsection.6.3}{\376\377\122\325\162\151\147\011\140\047\165\037\153\226}{section.6}% 26
\BOOKMARK [2][-]{subsection.6.4}{\376\377\116\272\230\136\165\037\153\226}{section.6}% 27
\BOOKMARK [2][-]{subsection.6.5}{\376\377\151\015\162\151\147\011\140\047\165\037\153\226}{section.6}% 28
\BOOKMARK [1][-]{section.7}{\376\377\220\172\120\263}{}% 29
\BOOKMARK [2][-]{subsection.7.1}{\376\377\220\172\120\263\154\325\122\107}{section.7}% 30
\BOOKMARK [2][-]{subsection.7.2}{\376\377\116\272\230\136\166\204\220\172\120\263}{section.7}% 31
\BOOKMARK [2][-]{subsection.7.3}{\376\377\172\201\213\212}{section.7}% 32
\BOOKMARK [2][-]{subsection.7.4}{\376\377\165\037\162\151\171\321\142\200}{section.7}% 33
\BOOKMARK [1][-]{section.8}{\376\377\157\024\123\026}{}% 34
\BOOKMARK [2][-]{subsection.8.1}{\376\377\131\051\144\307\202\007\116\272\144\307}{section.8}% 35
\BOOKMARK [2][-]{subsection.8.2}{\376\377\123\026\167\363}{section.8}% 36
\BOOKMARK [2][-]{subsection.8.3}{\376\377\127\060\214\352\136\164\116\343}{section.8}% 37
\BOOKMARK [2][-]{subsection.8.4}{\376\377\157\024\123\026\152\071}{section.8}% 38
\BOOKMARK [1][-]{section.9}{\376\377\122\006\230\136}{}% 39
\BOOKMARK [2][-]{subsection.9.1}{\376\377\124\175\124\015\202\007\122\006\230\136}{section.9}% 40
\BOOKMARK [2][-]{subsection.9.2}{\376\377\165\305\153\322\202\007\123\237\150\070\165\037\162\151}{section.9}% 41
\BOOKMARK [2][-]{subsection.9.3}{\376\377\167\037\203\314\165\114}{section.9}% 42
\BOOKMARK [2][-]{subsection.9.4}{\376\377\151\015\162\151\165\114}{section.9}% 43
\BOOKMARK [2][-]{subsection.9.5}{\376\377\122\325\162\151\165\114}{section.9}% 44
\BOOKMARK [1][-]{section.10}{\376\377\165\037\141\113}{}% 45
\BOOKMARK [2][-]{subsection.10.1}{\376\377\145\317\177\244\202\007\177\244\226\306}{section.10}% 46
\BOOKMARK [2][-]{subsection.10.2}{\376\377\116\244\116\222\225\334\117\302}{section.10}% 47
\BOOKMARK [2][-]{subsection.10.3}{\376\377\200\375\221\317\166\204\155\101\122\325}{section.10}% 48
\BOOKMARK [2][-]{subsection.10.4}{\376\377\162\151\214\352\166\204\137\252\164\260}{section.10}% 49
\BOOKMARK [2][-]{subsection.10.5}{\376\377\165\037\141\113}{section.10}% 50
\BOOKMARK [2][-]{subsection.10.6}{\376\377\165\037\162\151\131\032\152\043\140\047}{section.10}% 51
\BOOKMARK [2][-]{subsection.10.7}{\376\377\164\260\130\203}{section.10}% 52
\BOOKMARK [1][-]{section.11}{\376\377\121\166\116\326}{}% 53
\BOOKMARK [2][-]{subsection.11.1}{\376\377\121\166\116\326\175\234\124\010\211\300\137\365}{section.11}% 54
